14:13:02 **** Incremental Build of configuration Debug for project NS30AutoHDKEN ****
make -j4 all 
Building target: NS30AutoHDKEN.elf
Invoking: Cross ARM C++ Linker
arm-none-eabi-g++ -mcpu=cortex-m3 -mthumb -Og -fmessage-length=0 -ffunction-sections -fdata-sections -funsigned-char -fno-delete-null-pointer-checks -fomit-frame-pointer -Wall -Wextra -Wno-unused-parameter -Wno-missing-field-initializers  -g3 -T "D:/_ishikawa/Develop/MCUXpresso/NS30AutoHDKEN/Debug/linker-script-debug.ld" -Xlinker --gc-sections -L"D:/_ishikawa/Develop/MCUXpresso/NS30AutoHDKEN/mbed/TARGET_LPC1768/TOOLCHAIN_GCC_ARM" -Xlinker --wrap=main -Xlinker --wrap=_malloc_r -Xlinker --wrap=_free_r -Xlinker --wrap=_realloc_r -Xlinker --wrap=_memalign_r -Xlinker --wrap=_calloc_r -Xlinker --wrap=exit -Xlinker --wrap=atexit -Wl,-Map,"NS30AutoHDKEN.map" -DMBED_DEBUG -DMBED_TRAP_ERRORS_ENABLED=1 -DMBED_ROM_START=0x0 -DMBED_ROM_SIZE=0x80000 -DMBED_RAM_START=0x10000000 -DMBED_RAM_SIZE=0x8000 -DMBED_RAM1_START=0x2007c000 -DMBED_RAM1_SIZE=0x8000 -Wl,-n -DMBED_ROM_START=0x0 -DMBED_ROM_SIZE=0x80000 -DMBED_RAM_START=0x10000000 -DMBED_RAM_SIZE=0x8000 -DMBED_RAM1_START=0x2007c000 -DMBED_RAM1_SIZE=0x8000 -DMBED_BOOT_STACK_SIZE=4096 -Wl,--start-group -lstdc++ -lsupc++ -lm -lc -lgcc -lnosys -Wl,--end-group -o "NS30AutoHDKEN.elf"  ./main.o  D:/_ishikawa/Develop/MCUXpresso/NS30AutoHDKEN/mbed/TARGET_LPC1768/TOOLCHAIN_GCC_ARM/CRP.o D:/_ishikawa/Develop/MCUXpresso/NS30AutoHDKEN/mbed/TARGET_LPC1768/TOOLCHAIN_GCC_ARM/analogin_api.o D:/_ishikawa/Develop/MCUXpresso/NS30AutoHDKEN/mbed/TARGET_LPC1768/TOOLCHAIN_GCC_ARM/analogout_api.o D:/_ishikawa/Develop/MCUXpresso/NS30AutoHDKEN/mbed/TARGET_LPC1768/TOOLCHAIN_GCC_ARM/can_api.o D:/_ishikawa/Develop/MCUXpresso/NS30AutoHDKEN/mbed/TARGET_LPC1768/TOOLCHAIN_GCC_ARM/ethernet_api.o D:/_ishikawa/Develop/MCUXpresso/NS30AutoHDKEN/mbed/TARGET_LPC1768/TOOLCHAIN_GCC_ARM/except.o D:/_ishikawa/Develop/MCUXpresso/NS30AutoHDKEN/mbed/TARGET_LPC1768/TOOLCHAIN_GCC_ARM/flash_api.o D:/_ishikawa/Develop/MCUXpresso/NS30AutoHDKEN/mbed/TARGET_LPC1768/TOOLCHAIN_GCC_ARM/gpio_api.o D:/_ishikawa/Develop/MCUXpresso/NS30AutoHDKEN/mbed/TARGET_LPC1768/TOOLCHAIN_GCC_ARM/gpio_irq_api.o D:/_ishikawa/Develop/MCUXpresso/NS30AutoHDKEN/mbed/TARGET_LPC1768/TOOLCHAIN_GCC_ARM/i2c_api.o D:/_ishikawa/Develop/MCUXpresso/NS30AutoHDKEN/mbed/TARGET_LPC1768/TOOLCHAIN_GCC_ARM/mbed_board.o D:/_ishikawa/Develop/MCUXpresso/NS30AutoHDKEN/mbed/TARGET_LPC1768/TOOLCHAIN_GCC_ARM/mbed_fault_handler.o D:/_ishikawa/Develop/MCUXpresso/NS30AutoHDKEN/mbed/TARGET_LPC1768/TOOLCHAIN_GCC_ARM/mbed_retarget.o D:/_ishikawa/Develop/MCUXpresso/NS30AutoHDKEN/mbed/TARGET_LPC1768/TOOLCHAIN_GCC_ARM/mbed_sdk_boot.o D:/_ishikawa/Develop/MCUXpresso/NS30AutoHDKEN/mbed/TARGET_LPC1768/TOOLCHAIN_GCC_ARM/mbed_tz_context.o D:/_ishikawa/Develop/MCUXpresso/NS30AutoHDKEN/mbed/TARGET_LPC1768/TOOLCHAIN_GCC_ARM/pinmap.o D:/_ishikawa/Develop/MCUXpresso/NS30AutoHDKEN/mbed/TARGET_LPC1768/TOOLCHAIN_GCC_ARM/port_api.o D:/_ishikawa/Develop/MCUXpresso/NS30AutoHDKEN/mbed/TARGET_LPC1768/TOOLCHAIN_GCC_ARM/pwmout_api.o D:/_ishikawa/Develop/MCUXpresso/NS30AutoHDKEN/mbed/TARGET_LPC1768/TOOLCHAIN_GCC_ARM/rtc_api.o D:/_ishikawa/Develop/MCUXpresso/NS30AutoHDKEN/mbed/TARGET_LPC1768/TOOLCHAIN_GCC_ARM/serial_api.o D:/_ishikawa/Develop/MCUXpresso/NS30AutoHDKEN/mbed/TARGET_LPC1768/TOOLCHAIN_GCC_ARM/sleep.o D:/_ishikawa/Develop/MCUXpresso/NS30AutoHDKEN/mbed/TARGET_LPC1768/TOOLCHAIN_GCC_ARM/spi_api.o D:/_ishikawa/Develop/MCUXpresso/NS30AutoHDKEN/mbed/TARGET_LPC1768/TOOLCHAIN_GCC_ARM/startup_LPC17xx.o D:/_ishikawa/Develop/MCUXpresso/NS30AutoHDKEN/mbed/TARGET_LPC1768/TOOLCHAIN_GCC_ARM/system_LPC17xx.o D:/_ishikawa/Develop/MCUXpresso/NS30AutoHDKEN/mbed/TARGET_LPC1768/TOOLCHAIN_GCC_ARM/us_ticker.o D:/_ishikawa/Develop/MCUXpresso/NS30AutoHDKEN/mbed/TARGET_LPC1768/TOOLCHAIN_GCC_ARM/libmbed.a -lstdc++ -lsupc++ -lm -lc -lgcc -lnosys -lmbed
c:/program files (x86)/gnu tools arm embedded/6 2017-q2-update/bin/../lib/gcc/arm-none-eabi/6.3.1/../../../../arm-none-eabi/bin/ld.exe: cannot open linker script file D:/_ishikawa/Develop/MCUXpresso/NS30AutoHDKEN/Debug/linker-script-debug.ld: Invalid argument
collect2.exe: error: ld returned 1 exit status
make: *** [makefile:59: NS30AutoHDKEN.elf] Error 1
"make -j4 all" terminated with exit code 2. Build might be incomplete.

14:13:03 Build Failed. 2 errors, 0 warnings. (took 913ms)

